[debug] [2024-10-19T15:15:42.955Z] ----------------------------------------------------------------------
[debug] [2024-10-19T15:15:42.957Z] Command:       C:\Program Files\nodejs\node.exe C:\Users\aditya\AppData\Roaming\npm\node_modules\firebase-tools\lib\bin\firebase.js init
[debug] [2024-10-19T15:15:42.957Z] CLI Version:   13.22.1
[debug] [2024-10-19T15:15:42.958Z] Platform:      win32
[debug] [2024-10-19T15:15:42.958Z] Node Version:  v20.15.1
[debug] [2024-10-19T15:15:42.958Z] Time:          Sat Oct 19 2024 20:45:42 GMT+0530 (India Standard Time)
[debug] [2024-10-19T15:15:42.958Z] ----------------------------------------------------------------------
[debug] 
[debug] [2024-10-19T15:15:42.964Z] > command requires scopes: ["email","openid","https://www.googleapis.com/auth/cloudplatformprojects.readonly","https://www.googleapis.com/auth/firebase","https://www.googleapis.com/auth/cloud-platform"]
[debug] [2024-10-19T15:15:42.964Z] > authorizing via signed-in user (adisingh925@gmail.com)
[info] 
     ######## #### ########  ######## ########     ###     ######  ########
     ##        ##  ##     ## ##       ##     ##  ##   ##  ##       ##
     ######    ##  ########  ######   ########  #########  ######  ######
     ##        ##  ##    ##  ##       ##     ## ##     ##       ## ##
     ##       #### ##     ## ######## ########  ##     ##  ######  ########

You're about to initialize a Firebase project in this directory:

  C:\my projects\frontend\socketlink\socketlink

Before we get started, keep in mind:

  * You are currently outside your home directory

[info] 
=== Project Setup
[info] 
[info] First, let's associate this project directory with a Firebase project.
[info] You can create multiple project aliases by running firebase use --add, 
[info] but for now we'll just set up a default project.
[info] 
[debug] [2024-10-19T15:15:58.128Z] Checked if tokens are valid: true, expires at: 1729354490440
[debug] [2024-10-19T15:15:58.128Z] Checked if tokens are valid: true, expires at: 1729354490440
[debug] [2024-10-19T15:15:58.130Z] >>> [apiv2][query] GET https://firebase.googleapis.com/v1beta1/projects pageSize=100
[debug] [2024-10-19T15:15:58.894Z] <<< [apiv2][status] GET https://firebase.googleapis.com/v1beta1/projects 200
[debug] [2024-10-19T15:15:58.894Z] <<< [apiv2][body] GET https://firebase.googleapis.com/v1beta1/projects [omitted]
